[debug] [2020-11-27T10:55:30.271Z] ----------------------------------------------------------------------
[debug] [2020-11-27T10:55:30.274Z] Command:       C:\Program Files\nodejs\node.exe C:\Users\moha\AppData\Roaming\npm\node_modules\firebase-tools\lib\bin\firebase.js init
[debug] [2020-11-27T10:55:30.274Z] CLI Version:   8.16.2
[debug] [2020-11-27T10:55:30.274Z] Platform:      win32
[debug] [2020-11-27T10:55:30.274Z] Node Version:  v12.16.3
[debug] [2020-11-27T10:55:30.275Z] Time:          Fri Nov 27 2020 13:55:30 GMT+0300 (East Africa Time)
[debug] [2020-11-27T10:55:30.275Z] ----------------------------------------------------------------------
[debug] [2020-11-27T10:55:30.276Z] 
[debug] [2020-11-27T10:55:30.277Z] >>> [apiv2][query] GET https://firebase-public.firebaseio.com/cli.json [none]
[debug] [2020-11-27T10:55:30.302Z] > command requires scopes: ["email","openid","https://www.googleapis.com/auth/cloudplatformprojects.readonly","https://www.googleapis.com/auth/firebase","https://www.googleapis.com/auth/cloud-platform"]
[debug] [2020-11-27T10:55:30.303Z] > authorizing via signed-in user
[info] 
     ######## #### ########  ######## ########     ###     ######  ########
     ##        ##  ##     ## ##       ##     ##  ##   ##  ##       ##
     ######    ##  ########  ######   ########  #########  ######  ######
     ##        ##  ##    ##  ##       ##     ## ##     ##       ## ##
     ##       #### ##     ## ######## ########  ##     ##  ######  ########

You're about to initialize a Firebase project in this directory:

  C:\Users\moha\Desktop\course-project-starting-setup\public

[debug] [2020-11-27T10:55:31.330Z] <<< [apiv2][status] GET https://firebase-public.firebaseio.com/cli.json 200
[debug] [2020-11-27T10:55:31.330Z] <<< [apiv2][body] GET https://firebase-public.firebaseio.com/cli.json {"cloudBuildErrorAfter":1594252800000,"cloudBuildWarnAfter":1590019200000,"defaultNode10After":1594252800000,"minVersion":"3.0.5","node8DeploysDisabledAfter":1613390400000,"node8RuntimeDisabledAfter":1615809600000,"node8WarnAfter":1600128000000}
